7月 03 14:04:44 ai2-master dockerd[2408]: time="2023-07-03T14:04:44.434299972+08:00" level=info msg="Processing signal 'quit'"
7月 03 14:04:44 ai2-master dockerd[2408]: goroutine 195 [running]:
7月 03 14:04:44 ai2-master dockerd[2408]: github.com/docker/docker/pkg/signal.DumpStacks(0x0, 0x0, 0x0, 0x0, 0x0, 0x0)
7月 03 14:04:44 ai2-master dockerd[2408]: /root/rpmbuild/BUILD/src/engine/.gopath/src/github.com/docker/docker/pkg/signal/trap.go:83 +0x9d
7月 03 14:04:44 ai2-master dockerd[2408]: github.com/docker/docker/pkg/signal.Trap.func1.1(0x55ead11f0900, 0xc0001729a0, 0xc0009eeee8, 0xc00000e840, 0x55ead1227c80, 0xc000884000)
7月 03 14:04:44 ai2-master dockerd[2408]: /root/rpmbuild/BUILD/src/engine/.gopath/src/github.com/docker/docker/pkg/signal/trap.go:61 +0x245
7月 03 14:04:44 ai2-master dockerd[2408]: created by github.com/docker/docker/pkg/signal.Trap.func1
7月 03 14:04:44 ai2-master dockerd[2408]: /root/rpmbuild/BUILD/src/engine/.gopath/src/github.com/docker/docker/pkg/signal/trap.go:43 +0xdf
7月 03 14:04:44 ai2-master dockerd[2408]: goroutine 1 [syscall, 4 minutes]:
7月 03 14:04:44 ai2-master dockerd[2408]: syscall.Syscall6(0x101, 0xffffffffffffff9c, 0xc000a8a980, 0x80000, 0x0, 0x0, 0x0, 0xc000a8a900, 0x3000000000, 0x2f64ffffffffffff)
7月 03 14:04:44 ai2-master dockerd[2408]: /usr/local/go/src/syscall/asm_linux_amd64.s:44 +0x5
7月 03 14:04:44 ai2-master dockerd[2408]: syscall.openat(0xffffffffffffff9c, 0xc000a8a900, 0x73, 0x80000, 0xc000000000, 0x73, 0x0, 0x0)
7月 03 14:04:44 ai2-master dockerd[2408]: /usr/local/go/src/syscall/zsyscall_linux_amd64.go:68 +0xbd
7月 03 14:04:44 ai2-master dockerd[2408]: syscall.Open(...)
7月 03 14:04:44 ai2-master dockerd[2408]: /usr/local/go/src/syscall/syscall_linux.go:138
7月 03 14:04:44 ai2-master dockerd[2408]: os.openFileNolog(0xc000a8a900, 0x73, 0x0, 0xc000000000, 0x73, 0xc000a8a900, 0x73)
7月 03 14:04:44 ai2-master dockerd[2408]: /usr/local/go/src/os/file_unix.go:196 +0x91
7月 03 14:04:44 ai2-master dockerd[2408]: os.OpenFile(0xc000a8a900, 0x73, 0x0, 0xc000000000, 0x2, 0x2, 0xc000a8a900)
7月 03 14:04:44 ai2-master dockerd[2408]: /usr/local/go/src/os/file.go:300 +0x65
7月 03 14:04:44 ai2-master dockerd[2408]: os.Open(...)
7月 03 14:04:44 ai2-master dockerd[2408]: /usr/local/go/src/os/file.go:280
7月 03 14:04:44 ai2-master dockerd[2408]: io/ioutil.ReadFile(0xc000a8a900, 0x73, 0x0, 0x0, 0x0, 0x0, 0x0)
7月 03 14:04:44 ai2-master dockerd[2408]: /usr/local/go/src/io/ioutil/ioutil.go:53 +0x80
7月 03 14:04:44 ai2-master dockerd[2408]: github.com/docker/docker/layer.(*fileMetadataStore).GetInitID(0xc000256750, 0xc000badbbb, 0x40, 0xc000055a00, 0x40, 0x0, 0x0)
7月 03 14:04:44 ai2-master dockerd[2408]: /root/rpmbuild/BUILD/src/engine/.gopath/src/github.com/docker/docker/layer/filestore.go:275 +0x89
7月 03 14:04:44 ai2-master dockerd[2408]: github.com/docker/docker/layer.(*layerStore).loadMount(0xc000548c60, 0xc000badbbb, 0x40, 0x0, 0x0)
7月 03 14:04:44 ai2-master dockerd[2408]: /root/rpmbuild/BUILD/src/engine/.gopath/src/github.com/docker/docker/layer/layer_store.go:209 +0x15d
7月 03 14:04:44 ai2-master dockerd[2408]: github.com/docker/docker/layer.newStoreFromGraphDriver(0xc000b36120, 0x23, 0x55ead1289e40, 0xc000a00480, 0x55eacffb4f1d, 0x5, 0x23, 0x0, 0x0, 0x0)
7月 03 14:04:44 ai2-master dockerd[2408]: /root/rpmbuild/BUILD/src/engine/.gopath/src/github.com/docker/docker/layer/layer_store.go:122 +0x363
7月 03 14:04:44 ai2-master dockerd[2408]: github.com/docker/docker/layer.NewStoreFromOptions(0xc0009eeaf0, 0xc, 0xc00032a200, 0x1d, 0x0, 0x0, 0x0, 0x0, 0x0, 0xc0008db350, ...)
7月 03 14:04:44 ai2-master dockerd[2408]: /root/rpmbuild/BUILD/src/engine/.gopath/src/github.com/docker/docker/layer/layer_store.go:75 +0x358
7月 03 14:04:44 ai2-master dockerd[2408]: github.com/docker/docker/daemon.NewDaemon(0x55ead124d580, 0xc0009e68c0, 0xc00027f900, 0xc0008db110, 0x0, 0x0, 0x0)
7月 03 14:04:44 ai2-master dockerd[2408]: /root/rpmbuild/BUILD/src/engine/.gopath/src/github.com/docker/docker/daemon/daemon.go:937 +0x17fd
7月 03 14:04:44 ai2-master dockerd[2408]: main.(*DaemonCli).start(0xc0009e0ba0, 0xc0003c1380, 0x0, 0x0)
7月 03 14:04:44 ai2-master dockerd[2408]: /root/rpmbuild/BUILD/src/engine/.gopath/src/github.com/docker/docker/cmd/dockerd/daemon.go:199 +0x73e
7月 03 14:04:44 ai2-master dockerd[2408]: main.runDaemon(...)
7月 03 14:04:44 ai2-master dockerd[2408]: /root/rpmbuild/BUILD/src/engine/.gopath/src/github.com/docker/docker/cmd/dockerd/docker_unix.go:13
7月 03 14:04:44 ai2-master dockerd[2408]: main.newDaemonCommand.func1(0xc0001c9680, 0x55ead242b2e8, 0x0, 0x0, 0x0, 0x0)
7月 03 14:04:44 ai2-master dockerd[2408]: /root/rpmbuild/BUILD/src/engine/.gopath/src/github.com/docker/docker/cmd/dockerd/docker.go:34 +0x7c
7月 03 14:04:44 ai2-master dockerd[2408]: github.com/docker/docker/vendor/github.com/spf13/cobra.(*Command).execute(0xc0001c9680, 0xc00004e1d0, 0x0, 0x0, 0xc0001c9680, 0xc00004e1d0)
7月 03 14:04:44 ai2-master dockerd[2408]: /root/rpmbuild/BUILD/src/engine/.gopath/src/github.com/docker/docker/vendor/github.com/spf13/cobra/command.go:762 +0x462
7月 03 14:04:44 ai2-master dockerd[2408]: github.com/docker/docker/vendor/github.com/spf13/cobra.(*Command).ExecuteC(0xc0001c9680, 0x0, 0x0, 0x10)
7月 03 14:04:44 ai2-master dockerd[2408]: /root/rpmbuild/BUILD/src/engine/.gopath/src/github.com/docker/docker/vendor/github.com/spf13/cobra/command.go:852 +0x2ec
7月 03 14:04:44 ai2-master dockerd[2408]: github.com/docker/docker/vendor/github.com/spf13/cobra.(*Command).Execute(...)
7月 03 14:04:44 ai2-master dockerd[2408]: /root/rpmbuild/BUILD/src/engine/.gopath/src/github.com/docker/docker/vendor/github.com/spf13/cobra/command.go:800
7月 03 14:04:44 ai2-master dockerd[2408]: main.main()
7月 03 14:04:44 ai2-master dockerd[2408]: /root/rpmbuild/BUILD/src/engine/.gopath/src/github.com/docker/docker/cmd/dockerd/docker.go:97 +0x191
7月 03 14:04:44 ai2-master dockerd[2408]: goroutine 6 [syscall]:
7月 03 14:04:44 ai2-master dockerd[2408]: os/signal.signal_recv(0x55ead1227c80)
7月 03 14:04:44 ai2-master dockerd[2408]: /usr/local/go/src/runtime/sigqueue.go:147 +0x9e
7月 03 14:04:44 ai2-master dockerd[2408]: os/signal.loop()
7月 03 14:04:44 ai2-master dockerd[2408]: /usr/local/go/src/os/signal/signal_unix.go:23 +0x24
7月 03 14:04:44 ai2-master dockerd[2408]: created by os/signal.init.0
7月 03 14:04:44 ai2-master systemd[1]: docker.service: main process exited, code=exited, status=131/n/a
7月 03 14:04:44 ai2-master dockerd[2408]: /usr/local/go/src/os/signal/signal_unix.go:29 +0x43
7月 03 14:04:44 ai2-master dockerd[2408]: goroutine 108 [select]:
7月 03 14:04:44 ai2-master dockerd[2408]: github.com/docker/docker/vendor/go.opencensus.io/stats/view.(*worker).start(0xc00098e2c0)
7月 03 14:04:44 ai2-master dockerd[2408]: /root/rpmbuild/BUILD/src/engine/.gopath/src/github.com/docker/docker/vendor/go.opencensus.io/stats/view/worker.go:144 +0xdf
7月 03 14:04:44 ai2-master dockerd[2408]: created by github.com/docker/docker/vendor/go.opencensus.io/stats/view.init.0
7月 03 14:04:44 ai2-master dockerd[2408]: /root/rpmbuild/BUILD/src/engine/.gopath/src/github.com/docker/docker/vendor/go.opencensus.io/stats/view/worker.go:29 +0x59
7月 03 14:04:44 ai2-master dockerd[2408]: goroutine 185 [select, 4 minutes]:
7月 03 14:04:44 ai2-master dockerd[2408]: github.com/docker/docker/vendor/google.golang.org/grpc.(*ccBalancerWrapper).watcher(0xc0009e6b80)
7月 03 14:04:44 ai2-master dockerd[2408]: /root/rpmbuild/BUILD/src/engine/.gopath/src/github.com/docker/docker/vendor/google.golang.org/grpc/balancer_conn_wrappers.go:115 +0x12e
7月 03 14:04:44 ai2-master dockerd[2408]: created by github.com/docker/docker/vendor/google.golang.org/grpc.newCCBalancerWrapper
7月 03 14:04:44 ai2-master dockerd[2408]: /root/rpmbuild/BUILD/src/engine/.gopath/src/github.com/docker/docker/vendor/google.golang.org/grpc/balancer_conn_wrappers.go:106 +0x16b
7月 03 14:04:44 ai2-master dockerd[2408]: goroutine 163 [chan receive]:
7月 03 14:04:44 ai2-master dockerd[2408]: github.com/docker/docker/pkg/signal.Trap.func1(0xc0003c1bc0, 0x55ead11f0900, 0xc0001729a0, 0xc00000e840)
7月 03 14:04:44 ai2-master dockerd[2408]: /root/rpmbuild/BUILD/src/engine/.gopath/src/github.com/docker/docker/pkg/signal/trap.go:38 +0x5d
7月 03 14:04:44 ai2-master dockerd[2408]: created by github.com/docker/docker/pkg/signal.Trap
7月 03 14:04:44 ai2-master dockerd[2408]: /root/rpmbuild/BUILD/src/engine/.gopath/src/github.com/docker/docker/pkg/signal/trap.go:36 +0x11d
7月 03 14:04:44 ai2-master dockerd[2408]: goroutine 86 [chan receive, 4 minutes]:
7月 03 14:04:44 ai2-master dockerd[2408]: github.com/docker/docker/daemon.(*Daemon).setupDumpStackTrap.func1(0xc000126600, 0x55eacffc711a, 0xf)
7月 03 14:04:44 ai2-master dockerd[2408]: /root/rpmbuild/BUILD/src/engine/.gopath/src/github.com/docker/docker/daemon/debugtrap_unix.go:18 +0x43
7月 03 14:04:44 ai2-master dockerd[2408]: created by github.com/docker/docker/daemon.(*Daemon).setupDumpStackTrap
7月 03 14:04:44 ai2-master dockerd[2408]: /root/rpmbuild/BUILD/src/engine/.gopath/src/github.com/docker/docker/daemon/debugtrap_unix.go:17 +0xc1
7月 03 14:04:44 ai2-master dockerd[2408]: goroutine 91 [IO wait, 4 minutes]:
7月 03 14:04:44 ai2-master dockerd[2408]: internal/poll.runtime_pollWait(0x7fdecf7bad68, 0x72, 0x0)
7月 03 14:04:44 ai2-master dockerd[2408]: /usr/local/go/src/runtime/netpoll.go:184 +0x57
7月 03 14:04:44 ai2-master dockerd[2408]: internal/poll.(*pollDesc).wait(0xc00055e318, 0x72, 0x0, 0x0, 0x55eacffb8200)
7月 03 14:04:44 ai2-master systemd[1]: Failed to start Docker Application Container Engine.
7月 03 14:04:44 ai2-master dockerd[2408]: /usr/local/go/src/internal/poll/fd_poll_runtime.go:87 +0x47
7月 03 14:04:44 ai2-master dockerd[2408]: internal/poll.(*pollDesc).waitRead(...)
7月 03 14:04:44 ai2-master dockerd[2408]: /usr/local/go/src/internal/poll/fd_poll_runtime.go:92
7月 03 14:04:44 ai2-master dockerd[2408]: internal/poll.(*FD).Accept(0xc00055e300, 0x0, 0x0, 0x0, 0x0, 0x0, 0x0, 0x0)
7月 03 14:04:44 ai2-master dockerd[2408]: /usr/local/go/src/internal/poll/fd_unix.go:384 +0x1fa
7月 03 14:04:44 ai2-master dockerd[2408]: net.(*netFD).accept(0xc00055e300, 0xc000214000, 0x7fdecf816008, 0x0)
7月 03 14:04:44 ai2-master dockerd[2408]: /usr/local/go/src/net/fd_unix.go:238 +0x44
7月 03 14:04:44 ai2-master dockerd[2408]: net.(*UnixListener).accept(0xc0008476b0, 0xc00010fdd8, 0x55eace66b13a, 0x30)
7月 03 14:04:44 ai2-master dockerd[2408]: /usr/local/go/src/net/unixsock_posix.go:162 +0x34
7月 03 14:04:44 ai2-master dockerd[2408]: net.(*UnixListener).Accept(0xc0008476b0, 0x55ead0fe0020, 0xc0009e18c0, 0x55ead0dd3640, 0x55ead236e180)
7月 03 14:04:44 ai2-master dockerd[2408]: /usr/local/go/src/net/unixsock.go:260 +0x49
7月 03 14:04:44 ai2-master dockerd[2408]: net/http.(*Server).Serve(0xc0004762a0, 0x55ead123e180, 0xc0008476b0, 0x0, 0x0)
7月 03 14:04:44 ai2-master dockerd[2408]: /usr/local/go/src/net/http/server.go:2925 +0x282
7月 03 14:04:44 ai2-master dockerd[2408]: net/http.Serve(...)
7月 03 14:04:44 ai2-master dockerd[2408]: /usr/local/go/src/net/http/server.go:2497
7月 03 14:04:44 ai2-master dockerd[2408]: github.com/docker/docker/daemon.(*Daemon).listenMetricsSock.func1(0x55ead123e180, 0xc0008476b0, 0xc0002658c0)
7月 03 14:04:44 ai2-master dockerd[2408]: /root/rpmbuild/BUILD/src/engine/.gopath/src/github.com/docker/docker/daemon/metrics_unix.go:31 +0x6e
7月 03 14:04:44 ai2-master dockerd[2408]: created by github.com/docker/docker/daemon.(*Daemon).listenMetricsSock
7月 03 14:04:44 ai2-master dockerd[2408]: /root/rpmbuild/BUILD/src/engine/.gopath/src/github.com/docker/docker/daemon/metrics_unix.go:30 +0x1af
7月 03 14:04:44 ai2-master dockerd[2408]: goroutine 92 [select, 4 minutes]:
7月 03 14:04:44 ai2-master dockerd[2408]: github.com/docker/docker/vendor/google.golang.org/grpc.(*ccBalancerWrapper).watcher(0xc000265bc0)
7月 03 14:04:44 ai2-master dockerd[2408]: /root/rpmbuild/BUILD/src/engine/.gopath/src/github.com/docker/docker/vendor/google.golang.org/grpc/balancer_conn_wrappers.go:115 +0x12e
7月 03 14:04:44 ai2-master dockerd[2408]: created by github.com/docker/docker/vendor/google.golang.org/grpc.newCCBalancerWrapper
7月 03 14:04:44 ai2-master dockerd[2408]: /root/rpmbuild/BUILD/src/engine/.gopath/src/github.com/docker/docker/vendor/google.golang.org/grpc/balancer_conn_wrappers.go:106 +0x16b
7月 03 14:04:44 ai2-master dockerd[2408]: goroutine 93 [chan receive, 4 minutes]:
7月 03 14:04:44 ai2-master dockerd[2408]: github.com/docker/docker/vendor/google.golang.org/grpc.(*addrConn).resetTransport(0xc00026f180)
7月 03 14:04:44 ai2-master dockerd[2408]: /root/rpmbuild/BUILD/src/engine/.gopath/src/github.com/docker/docker/vendor/google.golang.org/grpc/clientconn.go:1077 +0x6ae
7月 03 14:04:44 ai2-master systemd[1]: Unit docker.service entered failed state.
7月 03 14:04:44 ai2-master dockerd[2408]: created by github.com/docker/docker/vendor/google.golang.org/grpc.(*addrConn).connect
7月 03 14:04:44 ai2-master dockerd[2408]: /root/rpmbuild/BUILD/src/engine/.gopath/src/github.com/docker/docker/vendor/google.golang.org/grpc/clientconn.go:743 +0x122
7月 03 14:04:44 ai2-master dockerd[2408]: goroutine 95 [IO wait, 4 minutes]:
7月 03 14:04:44 ai2-master dockerd[2408]: internal/poll.runtime_pollWait(0x7fdecf7bac98, 0x72, 0xffffffffffffffff)
7月 03 14:04:44 ai2-master dockerd[2408]: /usr/local/go/src/runtime/netpoll.go:184 +0x57
7月 03 14:04:44 ai2-master dockerd[2408]: internal/poll.(*pollDesc).wait(0xc00055e518, 0x72, 0x8000, 0x8000, 0xffffffffffffffff)
7月 03 14:04:44 ai2-master dockerd[2408]: /usr/local/go/src/internal/poll/fd_poll_runtime.go:87 +0x47
7月 03 14:04:44 ai2-master dockerd[2408]: internal/poll.(*pollDesc).waitRead(...)
7月 03 14:04:44 ai2-master dockerd[2408]: /usr/local/go/src/internal/poll/fd_poll_runtime.go:92
7月 03 14:04:44 ai2-master dockerd[2408]: internal/poll.(*FD).Read(0xc00055e500, 0xc000984000, 0x8000, 0x8000, 0x0, 0x0, 0x0)
7月 03 14:04:44 ai2-master dockerd[2408]: /usr/local/go/src/internal/poll/fd_unix.go:169 +0x1d1
7月 03 14:04:44 ai2-master dockerd[2408]: net.(*netFD).Read(0xc00055e500, 0xc000984000, 0x8000, 0x8000, 0x0, 0x800010601, 0x0)
7月 03 14:04:44 ai2-master dockerd[2408]: /usr/local/go/src/net/fd_unix.go:202 +0x51
7月 03 14:04:44 ai2-master dockerd[2408]: net.(*conn).Read(0xc0000101a8, 0xc000984000, 0x8000, 0x8000, 0x0, 0x0, 0x0)
7月 03 14:04:44 ai2-master dockerd[2408]: /usr/local/go/src/net/net.go:184 +0x6a
7月 03 14:04:44 ai2-master dockerd[2408]: bufio.(*Reader).Read(0xc0009ed260, 0xc00088e038, 0x9, 0x9, 0xc000670000, 0x7fdecf8166d0, 0x0)
7月 03 14:04:44 ai2-master dockerd[2408]: /usr/local/go/src/bufio/bufio.go:226 +0x26c
7月 03 14:04:44 ai2-master dockerd[2408]: io.ReadAtLeast(0x55ead11edb20, 0xc0009ed260, 0xc00088e038, 0x9, 0x9, 0x9, 0x55eaceca40b7, 0xc00032a06c, 0xc00097de00)
7月 03 14:04:44 ai2-master dockerd[2408]: /usr/local/go/src/io/io.go:310 +0x89
7月 03 14:04:44 ai2-master dockerd[2408]: io.ReadFull(...)
7月 03 14:04:44 ai2-master dockerd[2408]: /usr/local/go/src/io/io.go:329
7月 03 14:04:44 ai2-master dockerd[2408]: github.com/docker/docker/vendor/golang.org/x/net/http2.readFrameHeader(0xc00088e038, 0x9, 0x9, 0x55ead11edb20, 0xc0009ed260, 0x0, 0xc120b6e200000000, 0x373f7e2, 0x55ead240b320)
7月 03 14:04:44 ai2-master dockerd[2408]: /root/rpmbuild/BUILD/src/engine/.gopath/src/github.com/docker/docker/vendor/golang.org/x/net/http2/frame.go:237 +0x89
7月 03 14:04:44 ai2-master dockerd[2408]: github.com/docker/docker/vendor/golang.org/x/net/http2.(*Framer).ReadFrame(0xc00088e000, 0xc00032a060, 0xc00032a060, 0x0, 0x0)
7月 03 14:04:44 ai2-master dockerd[2408]: /root/rpmbuild/BUILD/src/engine/.gopath/src/github.com/docker/docker/vendor/golang.org/x/net/http2/frame.go:492 +0xa3
7月 03 14:04:44 ai2-master dockerd[2408]: github.com/docker/docker/vendor/google.golang.org/grpc/internal/transport.(*http2Client).reader(0xc000892000)
7月 03 14:04:44 ai2-master systemd[1]: docker.service failed.
7月 03 14:04:44 ai2-master dockerd[2408]: /root/rpmbuild/BUILD/src/engine/.gopath/src/github.com/docker/docker/vendor/google.golang.org/grpc/internal/transport/http2_client.go:1249 +0x198
7月 03 14:04:44 ai2-master dockerd[2408]: created by github.com/docker/docker/vendor/google.golang.org/grpc/internal/transport.newHTTP2Client
7月 03 14:04:44 ai2-master dockerd[2408]: /root/rpmbuild/BUILD/src/engine/.gopath/src/github.com/docker/docker/vendor/google.golang.org/grpc/internal/transport/http2_client.go:289 +0xd77
7月 03 14:04:44 ai2-master dockerd[2408]: goroutine 96 [select, 4 minutes]:
7月 03 14:04:44 ai2-master dockerd[2408]: github.com/docker/docker/vendor/google.golang.org/grpc/internal/transport.(*controlBuffer).get(0xc000050910, 0x1, 0x0, 0x0, 0x0, 0x0)
7月 03 14:04:44 ai2-master dockerd[2408]: /root/rpmbuild/BUILD/src/engine/.gopath/src/github.com/docker/docker/vendor/google.golang.org/grpc/internal/transport/controlbuf.go:395 +0x124
7月 03 14:04:44 ai2-master dockerd[2408]: github.com/docker/docker/vendor/google.golang.org/grpc/internal/transport.(*loopyWriter).run(0xc0009ed380, 0x0, 0x0)
7月 03 14:04:44 ai2-master dockerd[2408]: /root/rpmbuild/BUILD/src/engine/.gopath/src/github.com/docker/docker/vendor/google.golang.org/grpc/internal/transport/controlbuf.go:513 +0x1e5
7月 03 14:04:44 ai2-master dockerd[2408]: github.com/docker/docker/vendor/google.golang.org/grpc/internal/transport.newHTTP2Client.func3(0xc000892000)
7月 03 14:04:44 ai2-master dockerd[2408]: /root/rpmbuild/BUILD/src/engine/.gopath/src/github.com/docker/docker/vendor/google.golang.org/grpc/internal/transport/http2_client.go:333 +0x7d
7月 03 14:04:44 ai2-master dockerd[2408]: created by github.com/docker/docker/vendor/google.golang.org/grpc/internal/transport.newHTTP2Client
7月 03 14:04:44 ai2-master dockerd[2408]: /root/rpmbuild/BUILD/src/engine/.gopath/src/github.com/docker/docker/vendor/google.golang.org/grpc/internal/transport/http2_client.go:331 +0xf14
7月 03 14:04:44 ai2-master dockerd[2408]: goroutine 186 [chan receive, 4 minutes]:
7月 03 14:04:44 ai2-master dockerd[2408]: github.com/docker/docker/vendor/google.golang.org/grpc.(*addrConn).resetTransport(0xc0001c9900)
7月 03 14:04:44 ai2-master dockerd[2408]: /root/rpmbuild/BUILD/src/engine/.gopath/src/github.com/docker/docker/vendor/google.golang.org/grpc/clientconn.go:1077 +0x6ae
7月 03 14:04:44 ai2-master dockerd[2408]: created by github.com/docker/docker/vendor/google.golang.org/grpc.(*addrConn).connect
7月 03 14:04:44 ai2-master dockerd[2408]: /root/rpmbuild/BUILD/src/engine/.gopath/src/github.com/docker/docker/vendor/google.golang.org/grpc/clientconn.go:743 +0x122
7月 03 14:04:44 ai2-master dockerd[2408]: goroutine 42 [IO wait, 4 minutes]:
7月 03 14:04:44 ai2-master dockerd[2408]: internal/poll.runtime_pollWait(0x7fdecf7babc8, 0x72, 0xffffffffffffffff)
7月 03 14:04:44 ai2-master dockerd[2408]: /usr/local/go/src/runtime/netpoll.go:184 +0x57
7月 03 14:04:44 ai2-master dockerd[2408]: internal/poll.(*pollDesc).wait(0xc000a00118, 0x72, 0x8000, 0x8000, 0xffffffffffffffff)
7月 03 14:04:44 ai2-master dockerd[2408]: /usr/local/go/src/internal/poll/fd_poll_runtime.go:87 +0x47
7月 03 14:04:44 ai2-master dockerd[2408]: internal/poll.(*pollDesc).waitRead(...)
7月 03 14:04:44 ai2-master dockerd[2408]: /usr/local/go/src/internal/poll/fd_poll_runtime.go:92
7月 03 14:04:44 ai2-master dockerd[2408]: internal/poll.(*FD).Read(0xc000a00100, 0xc000a36000, 0x8000, 0x8000, 0x0, 0x0, 0x0)
7月 03 14:04:44 ai2-master dockerd[2408]: /usr/local/go/src/internal/poll/fd_unix.go:169 +0x1d1
7月 03 14:04:44 ai2-master dockerd[2408]: net.(*netFD).Read(0xc000a00100, 0xc000a36000, 0x8000, 0x8000, 0x55ea00000000, 0x800000601, 0x0)
7月 03 14:04:44 ai2-master dockerd[2408]: /usr/local/go/src/net/fd_unix.go:202 +0x51
7月 03 14:04:44 ai2-master dockerd[2408]: net.(*conn).Read(0xc00062a018, 0xc000a36000, 0x8000, 0x8000, 0x0, 0x0, 0x0)
7月 03 14:04:44 ai2-master dockerd[2408]: /usr/local/go/src/net/net.go:184 +0x6a
7月 03 14:04:44 ai2-master dockerd[2408]: bufio.(*Reader).Read(0xc000548300, 0xc000a4e038, 0x9, 0x9, 0x20, 0x18, 0x55ead0ee03c0)
7月 03 14:04:44 ai2-master dockerd[2408]: /usr/local/go/src/bufio/bufio.go:226 +0x26c
7月 03 14:04:44 ai2-master dockerd[2408]: io.ReadAtLeast(0x55ead11edb20, 0xc000548300, 0xc000a4e038, 0x9, 0x9, 0x9, 0x10055eaceca40b7, 0x0, 0x9)
7月 03 14:04:44 ai2-master dockerd[2408]: /usr/local/go/src/io/io.go:310 +0x89
7月 03 14:04:44 ai2-master dockerd[2408]: io.ReadFull(...)
7月 03 14:04:44 ai2-master dockerd[2408]: /usr/local/go/src/io/io.go:329
7月 03 14:04:44 ai2-master dockerd[2408]: github.com/docker/docker/vendor/golang.org/x/net/http2.readFrameHeader(0xc000a4e038, 0x9, 0x9, 0x55ead11edb20, 0xc000548300, 0x0, 0xc000000000, 0x55eace66b13a, 0xc00044c5b0)
7月 03 14:04:44 ai2-master dockerd[2408]: /root/rpmbuild/BUILD/src/engine/.gopath/src/github.com/docker/docker/vendor/golang.org/x/net/http2/frame.go:237 +0x89
7月 03 14:04:44 ai2-master dockerd[2408]: github.com/docker/docker/vendor/golang.org/x/net/http2.(*Framer).ReadFrame(0xc000a4e000, 0xc000555a20, 0xc000555a20, 0x0, 0x0)
7月 03 14:04:44 ai2-master dockerd[2408]: /root/rpmbuild/BUILD/src/engine/.gopath/src/github.com/docker/docker/vendor/golang.org/x/net/http2/frame.go:492 +0xa3
7月 03 14:04:44 ai2-master dockerd[2408]: github.com/docker/docker/vendor/google.golang.org/grpc/internal/transport.(*http2Client).reader(0xc000a50000)
7月 03 14:04:44 ai2-master dockerd[2408]: /root/rpmbuild/BUILD/src/engine/.gopath/src/github.com/docker/docker/vendor/google.golang.org/grpc/internal/transport/http2_client.go:1249 +0x198
7月 03 14:04:44 ai2-master dockerd[2408]: created by github.com/docker/docker/vendor/google.golang.org/grpc/internal/transport.newHTTP2Client
7月 03 14:04:44 ai2-master dockerd[2408]: /root/rpmbuild/BUILD/src/engine/.gopath/src/github.com/docker/docker/vendor/google.golang.org/grpc/internal/transport/http2_client.go:289 +0xd77
7月 03 14:04:44 ai2-master dockerd[2408]: goroutine 43 [select, 4 minutes]:
7月 03 14:04:44 ai2-master dockerd[2408]: github.com/docker/docker/vendor/google.golang.org/grpc/internal/transport.(*controlBuffer).get(0xc00044c5a0, 0x1, 0x0, 0x0, 0x0, 0x0)
7月 03 14:04:44 ai2-master dockerd[2408]: /root/rpmbuild/BUILD/src/engine/.gopath/src/github.com/docker/docker/vendor/google.golang.org/grpc/internal/transport/controlbuf.go:395 +0x124
7月 03 14:04:44 ai2-master dockerd[2408]: github.com/docker/docker/vendor/google.golang.org/grpc/internal/transport.(*loopyWriter).run(0xc000548480, 0x0, 0x0)
7月 03 14:04:44 ai2-master dockerd[2408]: /root/rpmbuild/BUILD/src/engine/.gopath/src/github.com/docker/docker/vendor/google.golang.org/grpc/internal/transport/controlbuf.go:513 +0x1e5
7月 03 14:04:44 ai2-master dockerd[2408]: github.com/docker/docker/vendor/google.golang.org/grpc/internal/transport.newHTTP2Client.func3(0xc000a50000)
7月 03 14:04:44 ai2-master dockerd[2408]: /root/rpmbuild/BUILD/src/engine/.gopath/src/github.com/docker/docker/vendor/google.golang.org/grpc/internal/transport/http2_client.go:333 +0x7d
7月 03 14:04:44 ai2-master dockerd[2408]: created by github.com/docker/docker/vendor/google.golang.org/grpc/internal/transport.newHTTP2Client
7月 03 14:04:44 ai2-master dockerd[2408]: /root/rpmbuild/BUILD/src/engine/.gopath/src/github.com/docker/docker/vendor/google.golang.org/grpc/internal/transport/http2_client.go:331 +0xf14
7月 03 14:04:44 ai2-master dockerd[2408]: goroutine 44 [select, 4 minutes]:
7月 03 14:04:44 ai2-master dockerd[2408]: github.com/docker/docker/libcontainerd/remote.(*client).processEventStream(0xc000548660, 0x55ead124d580, 0xc0009e68c0, 0x55eacffc282c, 0xc)
7月 03 14:04:44 ai2-master dockerd[2408]: /root/rpmbuild/BUILD/src/engine/.gopath/src/github.com/docker/docker/libcontainerd/remote/client.go:700 +0x2ab
7月 03 14:04:44 ai2-master dockerd[2408]: created by github.com/docker/docker/libcontainerd/remote.NewClient
7月 03 14:04:44 ai2-master dockerd[2408]: /root/rpmbuild/BUILD/src/engine/.gopath/src/github.com/docker/docker/libcontainerd/remote/client.go:67 +0x268
7月 03 14:04:44 ai2-master dockerd[2408]: goroutine 165 [select, 4 minutes]:
7月 03 14:04:44 ai2-master dockerd[2408]: github.com/docker/docker/vendor/google.golang.org/grpc.newClientStream.func5(0xc0009bd500, 0xc000a62000, 0x55ead124d640, 0xc0008db530)
7月 03 14:04:44 ai2-master dockerd[2408]: /root/rpmbuild/BUILD/src/engine/.gopath/src/github.com/docker/docker/vendor/google.golang.org/grpc/stream.go:319 +0xd9
7月 03 14:04:44 ai2-master dockerd[2408]: created by github.com/docker/docker/vendor/google.golang.org/grpc.newClientStream
7月 03 14:04:44 ai2-master dockerd[2408]: /root/rpmbuild/BUILD/src/engine/.gopath/src/github.com/docker/docker/vendor/google.golang.org/grpc/stream.go:318 +0x9a7
7月 03 14:04:44 ai2-master dockerd[2408]: goroutine 166 [select, 4 minutes]:
7月 03 14:04:44 ai2-master dockerd[2408]: github.com/docker/docker/vendor/google.golang.org/grpc/internal/transport.(*Stream).waitOnHeader(0xc000a66000, 0x0, 0x0)
7月 03 14:04:44 ai2-master dockerd[2408]: /root/rpmbuild/BUILD/src/engine/.gopath/src/github.com/docker/docker/vendor/google.golang.org/grpc/internal/transport/transport.go:312 +0xce
7月 03 14:04:44 ai2-master dockerd[2408]: github.com/docker/docker/vendor/google.golang.org/grpc/internal/transport.(*Stream).RecvCompress(...)
7月 03 14:04:44 ai2-master dockerd[2408]: /root/rpmbuild/BUILD/src/engine/.gopath/src/github.com/docker/docker/vendor/google.golang.org/grpc/internal/transport/transport.go:331
7月 03 14:04:44 ai2-master dockerd[2408]: github.com/docker/docker/vendor/google.golang.org/grpc.(*csAttempt).recvMsg(0xc0005ba080, 0x55ead1086820, 0xc0001268a0, 0x0, 0x0, 0x0)
7月 03 14:04:44 ai2-master dockerd[2408]: /root/rpmbuild/BUILD/src/engine/.gopath/src/github.com/docker/docker/vendor/google.golang.org/grpc/stream.go:871 +0x755
7月 03 14:04:44 ai2-master dockerd[2408]: github.com/docker/docker/vendor/google.golang.org/grpc.(*clientStream).RecvMsg.func1(0xc0005ba080, 0x203000, 0x203000)
7月 03 14:04:44 ai2-master dockerd[2408]: /root/rpmbuild/BUILD/src/engine/.gopath/src/github.com/docker/docker/vendor/google.golang.org/grpc/stream.go:736 +0x48
7月 03 14:04:44 ai2-master dockerd[2408]: github.com/docker/docker/vendor/google.golang.org/grpc.(*clientStream).withRetry(0xc000a62000, 0xc000a5be48, 0xc000a5be18, 0x0, 0x48)
7月 03 14:04:44 ai2-master dockerd[2408]: /root/rpmbuild/BUILD/src/engine/.gopath/src/github.com/docker/docker/vendor/google.golang.org/grpc/stream.go:594 +0x9e
7月 03 14:04:44 ai2-master dockerd[2408]: github.com/docker/docker/vendor/google.golang.org/grpc.(*clientStream).RecvMsg(0xc000a62000, 0x55ead1086820, 0xc0001268a0, 0x55eace68cc6c, 0x0)
7月 03 14:04:44 ai2-master dockerd[2408]: /root/rpmbuild/BUILD/src/engine/.gopath/src/github.com/docker/docker/vendor/google.golang.org/grpc/stream.go:735 +0x105
7月 03 14:04:44 ai2-master dockerd[2408]: github.com/docker/docker/vendor/github.com/containerd/containerd/api/services/events/v1.(*eventsSubscribeClient).Recv(0xc00004f8f0, 0x0, 0x0, 0x0)
7月 03 14:04:44 ai2-master dockerd[2408]: /root/rpmbuild/BUILD/src/engine/.gopath/src/github.com/docker/docker/vendor/github.com/containerd/containerd/api/services/events/v1/events.pb.go:351 +0x64
7月 03 14:04:44 ai2-master dockerd[2408]: github.com/docker/docker/vendor/github.com/containerd/containerd.(*eventRemote).Subscribe.func1(0xc0001266c0, 0x55ead126bf60, 0xc00004f8f0, 0xc0005d4060, 0x55ead124d580, 0xc0009e68c0)
7月 03 14:04:44 ai2-master dockerd[2408]: /root/rpmbuild/BUILD/src/engine/.gopath/src/github.com/docker/docker/vendor/github.com/containerd/containerd/events.go:99 +0x8f
7月 03 14:04:44 ai2-master dockerd[2408]: created by github.com/docker/docker/vendor/github.com/containerd/containerd.(*eventRemote).Subscribe
7月 03 14:04:44 ai2-master dockerd[2408]: /root/rpmbuild/BUILD/src/engine/.gopath/src/github.com/docker/docker/vendor/github.com/containerd/containerd/events.go:95 +0x1c6
7月 03 14:04:44 ai2-master dockerd[2408]: time="2023-07-03T14:04:44.435577743+08:00" level=info msg="Forcing docker daemon shutdown without cleanup on SIGQUIT"
7月 03 14:04:46 ai2-master systemd[1]: docker.service holdoff time over, scheduling restart.
7月 03 14:04:46 ai2-master systemd[1]: Stopped Docker Application Container Engine.
7月 03 14:04:46 ai2-master systemd[1]: Starting Docker Application Container Engine...
7月 03 14:04:46 ai2-master dockerd[5796]: time="2023-07-03T14:04:46.620835486+08:00" level=info msg="Starting up"
7月 03 14:04:46 ai2-master dockerd[5796]: time="2023-07-03T14:04:46.621323139+08:00" level=debug msg="Listener created for HTTP on unix (/var/run/docker.sock)"
7月 03 14:04:46 ai2-master dockerd[5796]: time="2023-07-03T14:04:46.622331081+08:00" level=debug msg="Golang's threads limit set to 1853370"
7月 03 14:04:46 ai2-master dockerd[5796]: time="2023-07-03T14:04:46.623019655+08:00" level=info msg="parsed scheme: \"unix\"" module=grpc
7月 03 14:04:46 ai2-master dockerd[5796]: time="2023-07-03T14:04:46.623058491+08:00" level=info msg="scheme \"unix\" not registered, fallback to default scheme" module=grpc
7月 03 14:04:46 ai2-master dockerd[5796]: time="2023-07-03T14:04:46.623120591+08:00" level=info msg="ccResolverWrapper: sending update to cc: {[{unix:///run/containerd/containerd.sock 0  <nil>}] <nil>}" module=grpc
7月 03 14:04:46 ai2-master dockerd[5796]: time="2023-07-03T14:04:46.623156333+08:00" level=info msg="ClientConn switching balancer to \"pick_first\"" module=grpc
7月 03 14:04:46 ai2-master dockerd[5796]: time="2023-07-03T14:04:46.625341912+08:00" level=info msg="parsed scheme: \"unix\"" module=grpc
7月 03 14:04:46 ai2-master dockerd[5796]: time="2023-07-03T14:04:46.625406699+08:00" level=info msg="scheme \"unix\" not registered, fallback to default scheme" module=grpc
7月 03 14:04:46 ai2-master dockerd[5796]: time="2023-07-03T14:04:46.625452615+08:00" level=info msg="ccResolverWrapper: sending update to cc: {[{unix:///run/containerd/containerd.sock 0  <nil>}] <nil>}" module=grpc
7月 03 14:04:46 ai2-master dockerd[5796]: time="2023-07-03T14:04:46.625482960+08:00" level=info msg="ClientConn switching balancer to \"pick_first\"" module=grpc
7月 03 14:04:46 ai2-master dockerd[5796]: time="2023-07-03T14:04:46.626846633+08:00" level=debug msg="Using default logging driver json-file"
7月 03 14:04:46 ai2-master dockerd[5796]: time="2023-07-03T14:04:46.626935662+08:00" level=debug msg="processing event stream" module=libcontainerd namespace=plugins.moby
7月 03 14:04:46 ai2-master dockerd[5796]: time="2023-07-03T14:04:46.627048969+08:00" level=debug msg="[graphdriver] priority list: [btrfs zfs overlay2 aufs overlay devicemapper vfs]"
7月 03 14:04:46 ai2-master dockerd[5796]: time="2023-07-03T14:04:46.649619214+08:00" level=debug msg="backingFs=xfs, projectQuotaSupported=false, indexOff=\"index=off,\"" storage-driver=overlay2
7月 03 14:04:46 ai2-master dockerd[5796]: time="2023-07-03T14:04:46.649675288+08:00" level=info msg="[graphdriver] using prior storage driver: overlay2"
7月 03 14:04:46 ai2-master dockerd[5796]: time="2023-07-03T14:04:46.649707874+08:00" level=debug msg="Initialized graph driver overlay2"
