7月 03 14:00:39 ai2-master dockerd[64147]: time="2023-07-03T14:00:39.705326397+08:00" level=info msg="Processing signal 'quit'"
7月 03 14:00:39 ai2-master dockerd[64147]: goroutine 171 [running]:
7月 03 14:00:39 ai2-master dockerd[64147]: github.com/docker/docker/pkg/signal.DumpStacks(0x0, 0x0, 0x0, 0x0, 0x0, 0x0)
7月 03 14:00:39 ai2-master dockerd[64147]: /root/rpmbuild/BUILD/src/engine/.gopath/src/github.com/docker/docker/pkg/signal/trap.go:83 +0x9d
7月 03 14:00:39 ai2-master dockerd[64147]: github.com/docker/docker/pkg/signal.Trap.func1.1(0x563887534900, 0xc0001729a0, 0xc000a28fb8, 0xc00000fdc0, 0x56388756bc80, 0xc0007c07b0)
7月 03 14:00:39 ai2-master dockerd[64147]: /root/rpmbuild/BUILD/src/engine/.gopath/src/github.com/docker/docker/pkg/signal/trap.go:61 +0x245
7月 03 14:00:39 ai2-master dockerd[64147]: created by github.com/docker/docker/pkg/signal.Trap.func1
7月 03 14:00:39 ai2-master dockerd[64147]: /root/rpmbuild/BUILD/src/engine/.gopath/src/github.com/docker/docker/pkg/signal/trap.go:43 +0xdf
7月 03 14:00:39 ai2-master dockerd[64147]: goroutine 1 [syscall, 3 minutes]:
7月 03 14:00:39 ai2-master dockerd[64147]: syscall.Syscall6(0x101, 0xffffffffffffff9c, 0xc000b27c80, 0x80000, 0x0, 0x0, 0x0, 0xc000b27c00, 0x3000000000, 0x2f64ffffffffffff)
7月 03 14:00:39 ai2-master dockerd[64147]: /usr/local/go/src/syscall/asm_linux_amd64.s:44 +0x5
7月 03 14:00:39 ai2-master dockerd[64147]: syscall.openat(0xffffffffffffff9c, 0xc000b27c00, 0x73, 0x80000, 0xc000000000, 0x73, 0x0, 0x0)
7月 03 14:00:39 ai2-master dockerd[64147]: /usr/local/go/src/syscall/zsyscall_linux_amd64.go:68 +0xbd
7月 03 14:00:39 ai2-master dockerd[64147]: syscall.Open(...)
7月 03 14:00:39 ai2-master dockerd[64147]: /usr/local/go/src/syscall/syscall_linux.go:138
7月 03 14:00:39 ai2-master dockerd[64147]: os.openFileNolog(0xc000b27c00, 0x73, 0x0, 0xc000000000, 0x73, 0xc000b27c00, 0x73)
7月 03 14:00:39 ai2-master dockerd[64147]: /usr/local/go/src/os/file_unix.go:196 +0x91
7月 03 14:00:39 ai2-master dockerd[64147]: os.OpenFile(0xc000b27c00, 0x73, 0x0, 0xc000000000, 0x2, 0x2, 0xc000b27c00)
7月 03 14:00:39 ai2-master dockerd[64147]: /usr/local/go/src/os/file.go:300 +0x65
7月 03 14:00:39 ai2-master dockerd[64147]: os.Open(...)
7月 03 14:00:39 ai2-master dockerd[64147]: /usr/local/go/src/os/file.go:280
7月 03 14:00:39 ai2-master dockerd[64147]: io/ioutil.ReadFile(0xc000b27c00, 0x73, 0x0, 0x0, 0x0, 0x0, 0x0)
7月 03 14:00:39 ai2-master dockerd[64147]: /usr/local/go/src/io/ioutil/ioutil.go:53 +0x80
7月 03 14:00:39 ai2-master dockerd[64147]: github.com/docker/docker/layer.(*fileMetadataStore).GetInitID(0xc000a5e400, 0xc000bdfbbb, 0x40, 0xc000bdc480, 0x40, 0x0, 0x0)
7月 03 14:00:39 ai2-master dockerd[64147]: /root/rpmbuild/BUILD/src/engine/.gopath/src/github.com/docker/docker/layer/filestore.go:275 +0x89
7月 03 14:00:39 ai2-master dockerd[64147]: github.com/docker/docker/layer.(*layerStore).loadMount(0xc00025cae0, 0xc000bdfbbb, 0x40, 0x0, 0x0)
7月 03 14:00:39 ai2-master dockerd[64147]: /root/rpmbuild/BUILD/src/engine/.gopath/src/github.com/docker/docker/layer/layer_store.go:209 +0x15d
7月 03 14:00:39 ai2-master dockerd[64147]: github.com/docker/docker/layer.newStoreFromGraphDriver(0xc000056d20, 0x23, 0x5638875cde40, 0xc000a68300, 0x5638862f8f1d, 0x5, 0x23, 0x0, 0x0, 0x0)
7月 03 14:00:39 ai2-master dockerd[64147]: /root/rpmbuild/BUILD/src/engine/.gopath/src/github.com/docker/docker/layer/layer_store.go:122 +0x363
7月 03 14:00:39 ai2-master dockerd[64147]: github.com/docker/docker/layer.NewStoreFromOptions(0xc000856380, 0xc, 0xc00023e1c0, 0x1d, 0x0, 0x0, 0x0, 0x0, 0x0, 0xc000855590, ...)
7月 03 14:00:39 ai2-master dockerd[64147]: /root/rpmbuild/BUILD/src/engine/.gopath/src/github.com/docker/docker/layer/layer_store.go:75 +0x358
7月 03 14:00:39 ai2-master dockerd[64147]: github.com/docker/docker/daemon.NewDaemon(0x563887591580, 0xc0002576c0, 0xc00046b900, 0xc000855350, 0x0, 0x0, 0x0)
7月 03 14:00:39 ai2-master dockerd[64147]: /root/rpmbuild/BUILD/src/engine/.gopath/src/github.com/docker/docker/daemon/daemon.go:937 +0x17fd
7月 03 14:00:39 ai2-master dockerd[64147]: main.(*DaemonCli).start(0xc000854630, 0xc000246ae0, 0x0, 0x0)
7月 03 14:00:39 ai2-master dockerd[64147]: /root/rpmbuild/BUILD/src/engine/.gopath/src/github.com/docker/docker/cmd/dockerd/daemon.go:199 +0x73e
7月 03 14:00:39 ai2-master dockerd[64147]: main.runDaemon(...)
7月 03 14:00:39 ai2-master dockerd[64147]: /root/rpmbuild/BUILD/src/engine/.gopath/src/github.com/docker/docker/cmd/dockerd/docker_unix.go:13
7月 03 14:00:39 ai2-master dockerd[64147]: main.newDaemonCommand.func1(0xc000168280, 0x56388876f2e8, 0x0, 0x0, 0x0, 0x0)
7月 03 14:00:39 ai2-master dockerd[64147]: /root/rpmbuild/BUILD/src/engine/.gopath/src/github.com/docker/docker/cmd/dockerd/docker.go:34 +0x7c
7月 03 14:00:39 ai2-master dockerd[64147]: github.com/docker/docker/vendor/github.com/spf13/cobra.(*Command).execute(0xc000168280, 0xc00004e1d0, 0x0, 0x0, 0xc000168280, 0xc00004e1d0)
7月 03 14:00:39 ai2-master dockerd[64147]: /root/rpmbuild/BUILD/src/engine/.gopath/src/github.com/docker/docker/vendor/github.com/spf13/cobra/command.go:762 +0x462
7月 03 14:00:39 ai2-master dockerd[64147]: github.com/docker/docker/vendor/github.com/spf13/cobra.(*Command).ExecuteC(0xc000168280, 0x0, 0x0, 0x10)
7月 03 14:00:39 ai2-master dockerd[64147]: /root/rpmbuild/BUILD/src/engine/.gopath/src/github.com/docker/docker/vendor/github.com/spf13/cobra/command.go:852 +0x2ec
7月 03 14:00:39 ai2-master dockerd[64147]: github.com/docker/docker/vendor/github.com/spf13/cobra.(*Command).Execute(...)
7月 03 14:00:39 ai2-master dockerd[64147]: /root/rpmbuild/BUILD/src/engine/.gopath/src/github.com/docker/docker/vendor/github.com/spf13/cobra/command.go:800
7月 03 14:00:39 ai2-master dockerd[64147]: main.main()
7月 03 14:00:39 ai2-master dockerd[64147]: /root/rpmbuild/BUILD/src/engine/.gopath/src/github.com/docker/docker/cmd/dockerd/docker.go:97 +0x191
7月 03 14:00:39 ai2-master dockerd[64147]: goroutine 6 [syscall]:
7月 03 14:00:39 ai2-master dockerd[64147]: os/signal.signal_recv(0x56388756bc80)
7月 03 14:00:39 ai2-master dockerd[64147]: /usr/local/go/src/runtime/sigqueue.go:147 +0x9e
7月 03 14:00:39 ai2-master dockerd[64147]: os/signal.loop()
7月 03 14:00:39 ai2-master dockerd[64147]: /usr/local/go/src/os/signal/signal_unix.go:23 +0x24
7月 03 14:00:39 ai2-master dockerd[64147]: created by os/signal.init.0
7月 03 14:00:39 ai2-master systemd[1]: docker.service: main process exited, code=exited, status=131/n/a
7月 03 14:00:39 ai2-master dockerd[64147]: /usr/local/go/src/os/signal/signal_unix.go:29 +0x43
7月 03 14:00:39 ai2-master dockerd[64147]: goroutine 94 [select]:
7月 03 14:00:39 ai2-master dockerd[64147]: github.com/docker/docker/vendor/go.opencensus.io/stats/view.(*worker).start(0xc000a2c380)
7月 03 14:00:39 ai2-master dockerd[64147]: /root/rpmbuild/BUILD/src/engine/.gopath/src/github.com/docker/docker/vendor/go.opencensus.io/stats/view/worker.go:144 +0xdf
7月 03 14:00:39 ai2-master dockerd[64147]: created by github.com/docker/docker/vendor/go.opencensus.io/stats/view.init.0
7月 03 14:00:39 ai2-master dockerd[64147]: /root/rpmbuild/BUILD/src/engine/.gopath/src/github.com/docker/docker/vendor/go.opencensus.io/stats/view/worker.go:29 +0x59
7月 03 14:00:39 ai2-master dockerd[64147]: goroutine 180 [chan receive]:
7月 03 14:00:39 ai2-master dockerd[64147]: github.com/docker/docker/pkg/signal.Trap.func1(0xc000247320, 0x563887534900, 0xc0001729a0, 0xc00000fdc0)
7月 03 14:00:39 ai2-master dockerd[64147]: /root/rpmbuild/BUILD/src/engine/.gopath/src/github.com/docker/docker/pkg/signal/trap.go:38 +0x5d
7月 03 14:00:39 ai2-master dockerd[64147]: created by github.com/docker/docker/pkg/signal.Trap
7月 03 14:00:39 ai2-master dockerd[64147]: /root/rpmbuild/BUILD/src/engine/.gopath/src/github.com/docker/docker/pkg/signal/trap.go:36 +0x11d
7月 03 14:00:39 ai2-master dockerd[64147]: goroutine 147 [chan receive, 3 minutes]:
7月 03 14:00:39 ai2-master dockerd[64147]: github.com/docker/docker/daemon.(*Daemon).setupDumpStackTrap.func1(0xc000247560, 0x56388630b11a, 0xf)
7月 03 14:00:39 ai2-master dockerd[64147]: /root/rpmbuild/BUILD/src/engine/.gopath/src/github.com/docker/docker/daemon/debugtrap_unix.go:18 +0x43
7月 03 14:00:39 ai2-master dockerd[64147]: created by github.com/docker/docker/daemon.(*Daemon).setupDumpStackTrap
7月 03 14:00:39 ai2-master dockerd[64147]: /root/rpmbuild/BUILD/src/engine/.gopath/src/github.com/docker/docker/daemon/debugtrap_unix.go:17 +0xc1
7月 03 14:00:39 ai2-master dockerd[64147]: goroutine 152 [IO wait, 3 minutes]:
7月 03 14:00:39 ai2-master dockerd[64147]: internal/poll.runtime_pollWait(0x7f128215dd68, 0x72, 0x0)
7月 03 14:00:39 ai2-master dockerd[64147]: /usr/local/go/src/runtime/netpoll.go:184 +0x57
7月 03 14:00:39 ai2-master dockerd[64147]: internal/poll.(*pollDesc).wait(0xc00019c098, 0x72, 0x0, 0x0, 0x5638862fc200)
7月 03 14:00:39 ai2-master dockerd[64147]: /usr/local/go/src/internal/poll/fd_poll_runtime.go:87 +0x47
7月 03 14:00:39 ai2-master dockerd[64147]: internal/poll.(*pollDesc).waitRead(...)
7月 03 14:00:39 ai2-master dockerd[64147]: /usr/local/go/src/internal/poll/fd_poll_runtime.go:92
7月 03 14:00:39 ai2-master dockerd[64147]: internal/poll.(*FD).Accept(0xc00019c080, 0x0, 0x0, 0x0, 0x0, 0x0, 0x0, 0x0)
7月 03 14:00:39 ai2-master dockerd[64147]: /usr/local/go/src/internal/poll/fd_unix.go:384 +0x1fa
7月 03 14:00:39 ai2-master dockerd[64147]: net.(*netFD).accept(0xc00019c080, 0xc0009ee000, 0x7f12821bc648, 0x0)
7月 03 14:00:39 ai2-master dockerd[64147]: /usr/local/go/src/net/fd_unix.go:238 +0x44
7月 03 14:00:39 ai2-master dockerd[64147]: net.(*UnixListener).accept(0xc000975080, 0xc00010fdd8, 0x5638849af13a, 0x30)
7月 03 14:00:39 ai2-master systemd[1]: Failed to start Docker Application Container Engine.
7月 03 14:00:39 ai2-master dockerd[64147]: /usr/local/go/src/net/unixsock_posix.go:162 +0x34
7月 03 14:00:39 ai2-master dockerd[64147]: net.(*UnixListener).Accept(0xc000975080, 0x563887324020, 0xc000855710, 0x563887117640, 0x5638886b2180)
7月 03 14:00:39 ai2-master dockerd[64147]: /usr/local/go/src/net/unixsock.go:260 +0x49
7月 03 14:00:39 ai2-master dockerd[64147]: net/http.(*Server).Serve(0xc0004782a0, 0x563887582180, 0xc000975080, 0x0, 0x0)
7月 03 14:00:39 ai2-master dockerd[64147]: /usr/local/go/src/net/http/server.go:2925 +0x282
7月 03 14:00:39 ai2-master dockerd[64147]: net/http.Serve(...)
7月 03 14:00:39 ai2-master dockerd[64147]: /usr/local/go/src/net/http/server.go:2497
7月 03 14:00:39 ai2-master dockerd[64147]: github.com/docker/docker/daemon.(*Daemon).listenMetricsSock.func1(0x563887582180, 0xc000975080, 0xc000124200)
7月 03 14:00:39 ai2-master dockerd[64147]: /root/rpmbuild/BUILD/src/engine/.gopath/src/github.com/docker/docker/daemon/metrics_unix.go:31 +0x6e
7月 03 14:00:39 ai2-master dockerd[64147]: created by github.com/docker/docker/daemon.(*Daemon).listenMetricsSock
7月 03 14:00:39 ai2-master dockerd[64147]: /root/rpmbuild/BUILD/src/engine/.gopath/src/github.com/docker/docker/daemon/metrics_unix.go:30 +0x1af
7月 03 14:00:39 ai2-master dockerd[64147]: goroutine 153 [select, 3 minutes]:
7月 03 14:00:39 ai2-master dockerd[64147]: github.com/docker/docker/vendor/google.golang.org/grpc.(*ccBalancerWrapper).watcher(0xc000124600)
7月 03 14:00:39 ai2-master dockerd[64147]: /root/rpmbuild/BUILD/src/engine/.gopath/src/github.com/docker/docker/vendor/google.golang.org/grpc/balancer_conn_wrappers.go:115 +0x12e
7月 03 14:00:39 ai2-master dockerd[64147]: created by github.com/docker/docker/vendor/google.golang.org/grpc.newCCBalancerWrapper
7月 03 14:00:39 ai2-master dockerd[64147]: /root/rpmbuild/BUILD/src/engine/.gopath/src/github.com/docker/docker/vendor/google.golang.org/grpc/balancer_conn_wrappers.go:106 +0x16b
7月 03 14:00:39 ai2-master dockerd[64147]: goroutine 154 [chan receive, 3 minutes]:
7月 03 14:00:39 ai2-master dockerd[64147]: github.com/docker/docker/vendor/google.golang.org/grpc.(*addrConn).resetTransport(0xc00026a280)
7月 03 14:00:39 ai2-master dockerd[64147]: /root/rpmbuild/BUILD/src/engine/.gopath/src/github.com/docker/docker/vendor/google.golang.org/grpc/clientconn.go:1077 +0x6ae
7月 03 14:00:39 ai2-master dockerd[64147]: created by github.com/docker/docker/vendor/google.golang.org/grpc.(*addrConn).connect
7月 03 14:00:39 ai2-master dockerd[64147]: /root/rpmbuild/BUILD/src/engine/.gopath/src/github.com/docker/docker/vendor/google.golang.org/grpc/clientconn.go:743 +0x122
7月 03 14:00:39 ai2-master dockerd[64147]: goroutine 184 [IO wait, 3 minutes]:
7月 03 14:00:39 ai2-master dockerd[64147]: internal/poll.runtime_pollWait(0x7f128215dc98, 0x72, 0xffffffffffffffff)
7月 03 14:00:39 ai2-master dockerd[64147]: /usr/local/go/src/runtime/netpoll.go:184 +0x57
7月 03 14:00:39 ai2-master dockerd[64147]: internal/poll.(*pollDesc).wait(0xc000582398, 0x72, 0x8000, 0x8000, 0xffffffffffffffff)
7月 03 14:00:39 ai2-master systemd[1]: Unit docker.service entered failed state.
7月 03 14:00:39 ai2-master dockerd[64147]: /usr/local/go/src/internal/poll/fd_poll_runtime.go:87 +0x47
7月 03 14:00:39 ai2-master dockerd[64147]: internal/poll.(*pollDesc).waitRead(...)
7月 03 14:00:39 ai2-master dockerd[64147]: /usr/local/go/src/internal/poll/fd_poll_runtime.go:92
7月 03 14:00:39 ai2-master dockerd[64147]: internal/poll.(*FD).Read(0xc000582380, 0xc00092c000, 0x8000, 0x8000, 0x0, 0x0, 0x0)
7月 03 14:00:39 ai2-master dockerd[64147]: /usr/local/go/src/internal/poll/fd_unix.go:169 +0x1d1
7月 03 14:00:39 ai2-master dockerd[64147]: net.(*netFD).Read(0xc000582380, 0xc00092c000, 0x8000, 0x8000, 0x0, 0x800010601, 0x7f1200000000)
7月 03 14:00:39 ai2-master dockerd[64147]: /usr/local/go/src/net/fd_unix.go:202 +0x51
7月 03 14:00:39 ai2-master dockerd[64147]: net.(*conn).Read(0xc00022a2e8, 0xc00092c000, 0x8000, 0x8000, 0x0, 0x0, 0x0)
7月 03 14:00:39 ai2-master dockerd[64147]: /usr/local/go/src/net/net.go:184 +0x6a
7月 03 14:00:39 ai2-master dockerd[64147]: bufio.(*Reader).Read(0xc0002477a0, 0xc0004783b8, 0x9, 0x9, 0xc00097e000, 0x7f12821b9d98, 0x0)
7月 03 14:00:39 ai2-master dockerd[64147]: /usr/local/go/src/bufio/bufio.go:226 +0x26c
7月 03 14:00:39 ai2-master dockerd[64147]: io.ReadAtLeast(0x563887531b20, 0xc0002477a0, 0xc0004783b8, 0x9, 0x9, 0x9, 0x563884fe80b7, 0xc00023e0cc, 0xc000925e00)
7月 03 14:00:39 ai2-master dockerd[64147]: /usr/local/go/src/io/io.go:310 +0x89
7月 03 14:00:39 ai2-master dockerd[64147]: io.ReadFull(...)
7月 03 14:00:39 ai2-master dockerd[64147]: /usr/local/go/src/io/io.go:329
7月 03 14:00:39 ai2-master dockerd[64147]: github.com/docker/docker/vendor/golang.org/x/net/http2.readFrameHeader(0xc0004783b8, 0x9, 0x9, 0x563887531b20, 0xc0002477a0, 0x0, 0xc120b6a600000000, 0x36abdf8, 0x56388874f320)
7月 03 14:00:39 ai2-master dockerd[64147]: /root/rpmbuild/BUILD/src/engine/.gopath/src/github.com/docker/docker/vendor/golang.org/x/net/http2/frame.go:237 +0x89
7月 03 14:00:39 ai2-master dockerd[64147]: github.com/docker/docker/vendor/golang.org/x/net/http2.(*Framer).ReadFrame(0xc000478380, 0xc00023e0c0, 0xc00023e0c0, 0x0, 0x0)
7月 03 14:00:39 ai2-master dockerd[64147]: /root/rpmbuild/BUILD/src/engine/.gopath/src/github.com/docker/docker/vendor/golang.org/x/net/http2/frame.go:492 +0xa3
7月 03 14:00:39 ai2-master dockerd[64147]: github.com/docker/docker/vendor/google.golang.org/grpc/internal/transport.(*http2Client).reader(0xc0001d2700)
7月 03 14:00:39 ai2-master dockerd[64147]: /root/rpmbuild/BUILD/src/engine/.gopath/src/github.com/docker/docker/vendor/google.golang.org/grpc/internal/transport/http2_client.go:1249 +0x198
7月 03 14:00:39 ai2-master dockerd[64147]: created by github.com/docker/docker/vendor/google.golang.org/grpc/internal/transport.newHTTP2Client
7月 03 14:00:39 ai2-master dockerd[64147]: /root/rpmbuild/BUILD/src/engine/.gopath/src/github.com/docker/docker/vendor/google.golang.org/grpc/internal/transport/http2_client.go:289 +0xd77
7月 03 14:00:39 ai2-master dockerd[64147]: goroutine 185 [select, 3 minutes]:
7月 03 14:00:39 ai2-master systemd[1]: docker.service failed.
7月 03 14:00:39 ai2-master dockerd[64147]: github.com/docker/docker/vendor/google.golang.org/grpc/internal/transport.(*controlBuffer).get(0xc000050500, 0x1, 0x0, 0x0, 0x0, 0x0)
7月 03 14:00:39 ai2-master dockerd[64147]: /root/rpmbuild/BUILD/src/engine/.gopath/src/github.com/docker/docker/vendor/google.golang.org/grpc/internal/transport/controlbuf.go:395 +0x124
7月 03 14:00:39 ai2-master dockerd[64147]: github.com/docker/docker/vendor/google.golang.org/grpc/internal/transport.(*loopyWriter).run(0xc0002478c0, 0x0, 0x0)
7月 03 14:00:39 ai2-master dockerd[64147]: /root/rpmbuild/BUILD/src/engine/.gopath/src/github.com/docker/docker/vendor/google.golang.org/grpc/internal/transport/controlbuf.go:513 +0x1e5
7月 03 14:00:39 ai2-master dockerd[64147]: github.com/docker/docker/vendor/google.golang.org/grpc/internal/transport.newHTTP2Client.func3(0xc0001d2700)
7月 03 14:00:39 ai2-master dockerd[64147]: /root/rpmbuild/BUILD/src/engine/.gopath/src/github.com/docker/docker/vendor/google.golang.org/grpc/internal/transport/http2_client.go:333 +0x7d
7月 03 14:00:39 ai2-master dockerd[64147]: created by github.com/docker/docker/vendor/google.golang.org/grpc/internal/transport.newHTTP2Client
7月 03 14:00:39 ai2-master dockerd[64147]: /root/rpmbuild/BUILD/src/engine/.gopath/src/github.com/docker/docker/vendor/google.golang.org/grpc/internal/transport/http2_client.go:331 +0xf14
7月 03 14:00:39 ai2-master dockerd[64147]: goroutine 186 [select, 3 minutes]:
7月 03 14:00:39 ai2-master dockerd[64147]: github.com/docker/docker/vendor/google.golang.org/grpc.(*ccBalancerWrapper).watcher(0xc000257a00)
7月 03 14:00:39 ai2-master dockerd[64147]: /root/rpmbuild/BUILD/src/engine/.gopath/src/github.com/docker/docker/vendor/google.golang.org/grpc/balancer_conn_wrappers.go:115 +0x12e
7月 03 14:00:39 ai2-master dockerd[64147]: created by github.com/docker/docker/vendor/google.golang.org/grpc.newCCBalancerWrapper
7月 03 14:00:39 ai2-master dockerd[64147]: /root/rpmbuild/BUILD/src/engine/.gopath/src/github.com/docker/docker/vendor/google.golang.org/grpc/balancer_conn_wrappers.go:106 +0x16b
7月 03 14:00:39 ai2-master dockerd[64147]: goroutine 187 [chan receive, 3 minutes]:
7月 03 14:00:39 ai2-master dockerd[64147]: github.com/docker/docker/vendor/google.golang.org/grpc.(*addrConn).resetTransport(0xc000168a00)
7月 03 14:00:39 ai2-master dockerd[64147]: /root/rpmbuild/BUILD/src/engine/.gopath/src/github.com/docker/docker/vendor/google.golang.org/grpc/clientconn.go:1077 +0x6ae
7月 03 14:00:39 ai2-master dockerd[64147]: created by github.com/docker/docker/vendor/google.golang.org/grpc.(*addrConn).connect
7月 03 14:00:39 ai2-master dockerd[64147]: /root/rpmbuild/BUILD/src/engine/.gopath/src/github.com/docker/docker/vendor/google.golang.org/grpc/clientconn.go:743 +0x122
7月 03 14:00:39 ai2-master dockerd[64147]: goroutine 31 [IO wait, 3 minutes]:
7月 03 14:00:39 ai2-master dockerd[64147]: internal/poll.runtime_pollWait(0x7f128215dbc8, 0x72, 0xffffffffffffffff)
7月 03 14:00:39 ai2-master dockerd[64147]: /usr/local/go/src/runtime/netpoll.go:184 +0x57
7月 03 14:00:39 ai2-master dockerd[64147]: internal/poll.(*pollDesc).wait(0xc000a68098, 0x72, 0x8000, 0x8000, 0xffffffffffffffff)
7月 03 14:00:39 ai2-master dockerd[64147]: /usr/local/go/src/internal/poll/fd_poll_runtime.go:87 +0x47
7月 03 14:00:39 ai2-master dockerd[64147]: internal/poll.(*pollDesc).waitRead(...)
7月 03 14:00:39 ai2-master dockerd[64147]: /usr/local/go/src/internal/poll/fd_poll_runtime.go:92
7月 03 14:00:39 ai2-master dockerd[64147]: internal/poll.(*FD).Read(0xc000a68080, 0xc000a6a000, 0x8000, 0x8000, 0x0, 0x0, 0x0)
7月 03 14:00:39 ai2-master dockerd[64147]: /usr/local/go/src/internal/poll/fd_unix.go:169 +0x1d1
7月 03 14:00:39 ai2-master dockerd[64147]: net.(*netFD).Read(0xc000a68080, 0xc000a6a000, 0x8000, 0x8000, 0x0, 0x800000601, 0x7f1200000000)
7月 03 14:00:39 ai2-master dockerd[64147]: /usr/local/go/src/net/fd_unix.go:202 +0x51
7月 03 14:00:39 ai2-master dockerd[64147]: net.(*conn).Read(0xc000010040, 0xc000a6a000, 0x8000, 0x8000, 0x0, 0x0, 0x0)
7月 03 14:00:39 ai2-master dockerd[64147]: /usr/local/go/src/net/net.go:184 +0x6a
7月 03 14:00:39 ai2-master dockerd[64147]: bufio.(*Reader).Read(0xc00025c2a0, 0xc000a82038, 0x9, 0x9, 0x20, 0x18, 0x5638872243c0)
7月 03 14:00:39 ai2-master dockerd[64147]: /usr/local/go/src/bufio/bufio.go:226 +0x26c
7月 03 14:00:39 ai2-master dockerd[64147]: io.ReadAtLeast(0x563887531b20, 0xc00025c2a0, 0xc000a82038, 0x9, 0x9, 0x9, 0x100563884fe80b7, 0x0, 0x9)
7月 03 14:00:39 ai2-master dockerd[64147]: /usr/local/go/src/io/io.go:310 +0x89
7月 03 14:00:39 ai2-master dockerd[64147]: io.ReadFull(...)
7月 03 14:00:39 ai2-master dockerd[64147]: /usr/local/go/src/io/io.go:329
7月 03 14:00:39 ai2-master dockerd[64147]: github.com/docker/docker/vendor/golang.org/x/net/http2.readFrameHeader(0xc000a82038, 0x9, 0x9, 0x563887531b20, 0xc00025c2a0, 0x0, 0xc000000000, 0x5638849af13a, 0xc000456510)
7月 03 14:00:39 ai2-master dockerd[64147]: /root/rpmbuild/BUILD/src/engine/.gopath/src/github.com/docker/docker/vendor/golang.org/x/net/http2/frame.go:237 +0x89
7月 03 14:00:39 ai2-master dockerd[64147]: github.com/docker/docker/vendor/golang.org/x/net/http2.(*Framer).ReadFrame(0xc000a82000, 0xc00054a000, 0xc00054a000, 0x0, 0x0)
7月 03 14:00:39 ai2-master dockerd[64147]: /root/rpmbuild/BUILD/src/engine/.gopath/src/github.com/docker/docker/vendor/golang.org/x/net/http2/frame.go:492 +0xa3
7月 03 14:00:39 ai2-master dockerd[64147]: github.com/docker/docker/vendor/google.golang.org/grpc/internal/transport.(*http2Client).reader(0xc000a84000)
7月 03 14:00:39 ai2-master dockerd[64147]: /root/rpmbuild/BUILD/src/engine/.gopath/src/github.com/docker/docker/vendor/google.golang.org/grpc/internal/transport/http2_client.go:1249 +0x198
7月 03 14:00:39 ai2-master dockerd[64147]: created by github.com/docker/docker/vendor/google.golang.org/grpc/internal/transport.newHTTP2Client
7月 03 14:00:39 ai2-master dockerd[64147]: /root/rpmbuild/BUILD/src/engine/.gopath/src/github.com/docker/docker/vendor/google.golang.org/grpc/internal/transport/http2_client.go:289 +0xd77
7月 03 14:00:39 ai2-master dockerd[64147]: goroutine 32 [select, 3 minutes]:
7月 03 14:00:39 ai2-master dockerd[64147]: github.com/docker/docker/vendor/google.golang.org/grpc/internal/transport.(*controlBuffer).get(0xc000456500, 0x1, 0x0, 0x0, 0x0, 0x0)
7月 03 14:00:39 ai2-master dockerd[64147]: /root/rpmbuild/BUILD/src/engine/.gopath/src/github.com/docker/docker/vendor/google.golang.org/grpc/internal/transport/controlbuf.go:395 +0x124
7月 03 14:00:39 ai2-master dockerd[64147]: github.com/docker/docker/vendor/google.golang.org/grpc/internal/transport.(*loopyWriter).run(0xc00025c3c0, 0x0, 0x0)
7月 03 14:00:39 ai2-master dockerd[64147]: /root/rpmbuild/BUILD/src/engine/.gopath/src/github.com/docker/docker/vendor/google.golang.org/grpc/internal/transport/controlbuf.go:513 +0x1e5
7月 03 14:00:39 ai2-master dockerd[64147]: github.com/docker/docker/vendor/google.golang.org/grpc/internal/transport.newHTTP2Client.func3(0xc000a84000)
7月 03 14:00:39 ai2-master dockerd[64147]: /root/rpmbuild/BUILD/src/engine/.gopath/src/github.com/docker/docker/vendor/google.golang.org/grpc/internal/transport/http2_client.go:333 +0x7d
7月 03 14:00:39 ai2-master dockerd[64147]: created by github.com/docker/docker/vendor/google.golang.org/grpc/internal/transport.newHTTP2Client
7月 03 14:00:39 ai2-master dockerd[64147]: /root/rpmbuild/BUILD/src/engine/.gopath/src/github.com/docker/docker/vendor/google.golang.org/grpc/internal/transport/http2_client.go:331 +0xf14
7月 03 14:00:39 ai2-master dockerd[64147]: goroutine 33 [select, 3 minutes]:
7月 03 14:00:39 ai2-master dockerd[64147]: github.com/docker/docker/libcontainerd/remote.(*client).processEventStream(0xc00025c5a0, 0x563887591580, 0xc0002576c0, 0x56388630682c, 0xc)
7月 03 14:00:39 ai2-master dockerd[64147]: /root/rpmbuild/BUILD/src/engine/.gopath/src/github.com/docker/docker/libcontainerd/remote/client.go:700 +0x2ab
7月 03 14:00:39 ai2-master dockerd[64147]: created by github.com/docker/docker/libcontainerd/remote.NewClient
7月 03 14:00:39 ai2-master dockerd[64147]: /root/rpmbuild/BUILD/src/engine/.gopath/src/github.com/docker/docker/libcontainerd/remote/client.go:67 +0x268
7月 03 14:00:39 ai2-master dockerd[64147]: goroutine 188 [select, 3 minutes]:
7月 03 14:00:39 ai2-master dockerd[64147]: github.com/docker/docker/vendor/google.golang.org/grpc.newClientStream.func5(0xc0006b3180, 0xc00052fb00, 0x563887591640, 0xc000855da0)
7月 03 14:00:39 ai2-master dockerd[64147]: /root/rpmbuild/BUILD/src/engine/.gopath/src/github.com/docker/docker/vendor/google.golang.org/grpc/stream.go:319 +0xd9
7月 03 14:00:39 ai2-master dockerd[64147]: created by github.com/docker/docker/vendor/google.golang.org/grpc.newClientStream
7月 03 14:00:39 ai2-master dockerd[64147]: /root/rpmbuild/BUILD/src/engine/.gopath/src/github.com/docker/docker/vendor/google.golang.org/grpc/stream.go:318 +0x9a7
7月 03 14:00:39 ai2-master dockerd[64147]: goroutine 189 [select, 3 minutes]:
7月 03 14:00:39 ai2-master dockerd[64147]: github.com/docker/docker/vendor/google.golang.org/grpc/internal/transport.(*Stream).waitOnHeader(0xc000852600, 0xc00025c480, 0x0)
7月 03 14:00:39 ai2-master dockerd[64147]: /root/rpmbuild/BUILD/src/engine/.gopath/src/github.com/docker/docker/vendor/google.golang.org/grpc/internal/transport/transport.go:312 +0xce
7月 03 14:00:39 ai2-master dockerd[64147]: github.com/docker/docker/vendor/google.golang.org/grpc/internal/transport.(*Stream).RecvCompress(...)
7月 03 14:00:39 ai2-master dockerd[64147]: /root/rpmbuild/BUILD/src/engine/.gopath/src/github.com/docker/docker/vendor/google.golang.org/grpc/internal/transport/transport.go:331
7月 03 14:00:39 ai2-master dockerd[64147]: github.com/docker/docker/vendor/google.golang.org/grpc.(*csAttempt).recvMsg(0xc000582680, 0x5638873ca820, 0xc0003c8060, 0x0, 0x7f12820de258, 0x0)
7月 03 14:00:39 ai2-master dockerd[64147]: /root/rpmbuild/BUILD/src/engine/.gopath/src/github.com/docker/docker/vendor/google.golang.org/grpc/stream.go:871 +0x755
7月 03 14:00:39 ai2-master dockerd[64147]: github.com/docker/docker/vendor/google.golang.org/grpc.(*clientStream).RecvMsg.func1(0xc000582680, 0x203000, 0x203000)
7月 03 14:00:39 ai2-master dockerd[64147]: /root/rpmbuild/BUILD/src/engine/.gopath/src/github.com/docker/docker/vendor/google.golang.org/grpc/stream.go:736 +0x48
7月 03 14:00:39 ai2-master dockerd[64147]: github.com/docker/docker/vendor/google.golang.org/grpc.(*clientStream).withRetry(0xc00052fb00, 0xc000a8fe48, 0xc000a8fe18, 0x1000000000000, 0x48)
7月 03 14:00:39 ai2-master dockerd[64147]: /root/rpmbuild/BUILD/src/engine/.gopath/src/github.com/docker/docker/vendor/google.golang.org/grpc/stream.go:594 +0x9e
7月 03 14:00:39 ai2-master dockerd[64147]: github.com/docker/docker/vendor/google.golang.org/grpc.(*clientStream).RecvMsg(0xc00052fb00, 0x5638873ca820, 0xc0003c8060, 0x5638849d0c6c, 0xc00025c3c0)
7月 03 14:00:39 ai2-master dockerd[64147]: /root/rpmbuild/BUILD/src/engine/.gopath/src/github.com/docker/docker/vendor/google.golang.org/grpc/stream.go:735 +0x105
7月 03 14:00:39 ai2-master dockerd[64147]: github.com/docker/docker/vendor/github.com/containerd/containerd/api/services/events/v1.(*eventsSubscribeClient).Recv(0xc0004231f0, 0x0, 0xc000a5c2a0, 0x0)
7月 03 14:00:39 ai2-master dockerd[64147]: /root/rpmbuild/BUILD/src/engine/.gopath/src/github.com/docker/docker/vendor/github.com/containerd/containerd/api/services/events/v1/events.pb.go:351 +0x64
7月 03 14:00:39 ai2-master dockerd[64147]: github.com/docker/docker/vendor/github.com/containerd/containerd.(*eventRemote).Subscribe.func1(0xc000247e60, 0x5638875aff60, 0xc0004231f0, 0xc00013efc0, 0x563887591580, 0xc0002576c0)
7月 03 14:00:39 ai2-master dockerd[64147]: /root/rpmbuild/BUILD/src/engine/.gopath/src/github.com/docker/docker/vendor/github.com/containerd/containerd/events.go:99 +0x8f
7月 03 14:00:39 ai2-master dockerd[64147]: created by github.com/docker/docker/vendor/github.com/containerd/containerd.(*eventRemote).Subscribe
7月 03 14:00:39 ai2-master dockerd[64147]: /root/rpmbuild/BUILD/src/engine/.gopath/src/github.com/docker/docker/vendor/github.com/containerd/containerd/events.go:95 +0x1c6
7月 03 14:00:39 ai2-master dockerd[64147]: time="2023-07-03T14:00:39.706787021+08:00" level=info msg="Forcing docker daemon shutdown without cleanup on SIGQUIT"